<?xml version="1.0" encoding="UTF-8"?>
<testsuite name="com.codely.demo.CodelyberTest" tests="1" skipped="0" failures="0" errors="0" timestamp="2025-02-28T19:37:14" hostname="gaxur" time="0.028">
  <properties/>
  <testcase name="it should greet successfully()" classname="com.codely.demo.CodelyberTest" time="0.028"/>
  <system-out><![CDATA[]]></system-out>
  <system-err><![CDATA[]]></system-err>
</testsuite>
